This is pdfTeX, Version 3.14159265-2.6-1.40.21 (MiKTeX 20.11) (preloaded format=pdflatex 2020.11.16)  15 MAR 2021 16:47
entering extended mode
**./HW2Report.tex
(HW2Report.tex
LaTeX2e <2020-10-01> patch level 2
L3 programming layer <2020-10-27> xparse <2020-03-03>
(C:\Users\jeffr\AppData\Local\Programs\MiKTeX\tex/latex/base\article.cls
Document Class: article 2020/04/10 v1.4m Standard LaTeX document class
(C:\Users\jeffr\AppData\Local\Programs\MiKTeX\tex/latex/base\size12.clo
File: size12.clo 2020/04/10 v1.4m Standard LaTeX file (size option)
)
\c@part=\count175
\c@section=\count176
\c@subsection=\count177
\c@subsubsection=\count178
\c@paragraph=\count179
\c@subparagraph=\count180
\c@figure=\count181
\c@table=\count182
\abovecaptionskip=\skip47
\belowcaptionskip=\skip48
\bibindent=\dimen138
)
(C:\Users\jeffr\AppData\Local\Programs\MiKTeX\tex/latex/psnfss\times.sty
Package: times 2020/03/25 PSNFSS-v9.3 (SPQR) 
)
(C:\Users\jeffr\AppData\Local\Programs\MiKTeX\tex/latex/amsmath\amsmath.sty
Package: amsmath 2020/09/23 v2.17i AMS math features
\@mathmargin=\skip49

For additional information on amsmath, use the `?' option.
(C:\Users\jeffr\AppData\Local\Programs\MiKTeX\tex/latex/amsmath\amstext.sty
Package: amstext 2000/06/29 v2.01 AMS text

(C:\Users\jeffr\AppData\Local\Programs\MiKTeX\tex/latex/amsmath\amsgen.sty
File: amsgen.sty 1999/11/30 v2.0 generic functions
\@emptytoks=\toks15
\ex@=\dimen139
))
(C:\Users\jeffr\AppData\Local\Programs\MiKTeX\tex/latex/amsmath\amsbsy.sty
Package: amsbsy 1999/11/29 v1.2d Bold Symbols
\pmbraise@=\dimen140
)
(C:\Users\jeffr\AppData\Local\Programs\MiKTeX\tex/latex/amsmath\amsopn.sty
Package: amsopn 2016/03/08 v2.02 operator names
)
\inf@bad=\count183
LaTeX Info: Redefining \frac on input line 234.
\uproot@=\count184
\leftroot@=\count185
LaTeX Info: Redefining \overline on input line 399.
\classnum@=\count186
\DOTSCASE@=\count187
LaTeX Info: Redefining \ldots on input line 496.
LaTeX Info: Redefining \dots on input line 499.
LaTeX Info: Redefining \cdots on input line 620.
\Mathstrutbox@=\box47
\strutbox@=\box48
\big@size=\dimen141
LaTeX Font Info:    Redeclaring font encoding OML on input line 743.
LaTeX Font Info:    Redeclaring font encoding OMS on input line 744.
\macc@depth=\count188
\c@MaxMatrixCols=\count189
\dotsspace@=\muskip16
\c@parentequation=\count190
\dspbrk@lvl=\count191
\tag@help=\toks16
\row@=\count192
\column@=\count193
\maxfields@=\count194
\andhelp@=\toks17
\eqnshift@=\dimen142
\alignsep@=\dimen143
\tagshift@=\dimen144
\tagwidth@=\dimen145
\totwidth@=\dimen146
\lineht@=\dimen147
\@envbody=\toks18
\multlinegap=\skip50
\multlinetaggap=\skip51
\mathdisplay@stack=\toks19
LaTeX Info: Redefining \[ on input line 2923.
LaTeX Info: Redefining \] on input line 2924.
)
(C:\Users\jeffr\AppData\Local\Programs\MiKTeX\tex/latex/base\latexsym.sty
Package: latexsym 1998/08/17 v2.2e Standard LaTeX package (lasy symbols)
\symlasy=\mathgroup4
LaTeX Font Info:    Overwriting symbol font `lasy' in version `bold'
(Font)                  U/lasy/m/n --> U/lasy/b/n on input line 52.
)
(C:\Users\jeffr\AppData\Local\Programs\MiKTeX\tex/latex/preprint\fullpage.sty
Package: fullpage 1999/02/23 1.1 (PWD)
\FP@margin=\skip52
)
(C:\Users\jeffr\AppData\Local\Programs\MiKTeX\tex/latex/graphics\graphicx.sty
Package: graphicx 2020/09/09 v1.2b Enhanced LaTeX Graphics (DPC,SPQR)

(C:\Users\jeffr\AppData\Local\Programs\MiKTeX\tex/latex/graphics\keyval.sty
Package: keyval 2014/10/28 v1.15 key=value parser (DPC)
\KV@toks@=\toks20
)
(C:\Users\jeffr\AppData\Local\Programs\MiKTeX\tex/latex/graphics\graphics.sty
Package: graphics 2020/08/30 v1.4c Standard LaTeX Graphics (DPC,SPQR)

(C:\Users\jeffr\AppData\Local\Programs\MiKTeX\tex/latex/graphics\trig.sty
Package: trig 2016/01/03 v1.10 sin cos tan (DPC)
)
(C:\Users\jeffr\AppData\Local\Programs\MiKTeX\tex/latex/graphics-cfg\graphics.c
fg
File: graphics.cfg 2016/06/04 v1.11 sample graphics configuration
)
Package graphics Info: Driver file: pdftex.def on input line 105.

(C:\Users\jeffr\AppData\Local\Programs\MiKTeX\tex/latex/graphics-def\pdftex.def
File: pdftex.def 2020/10/05 v1.2a Graphics/color driver for pdftex
))
\Gin@req@height=\dimen148
\Gin@req@width=\dimen149
)
(C:\Users\jeffr\AppData\Local\Programs\MiKTeX\tex/latex/amsfonts\amsfonts.sty
Package: amsfonts 2013/01/14 v3.01 Basic AMSFonts support
\symAMSa=\mathgroup5
\symAMSb=\mathgroup6
LaTeX Font Info:    Redeclaring math symbol \hbar on input line 98.
LaTeX Font Info:    Overwriting math alphabet `\mathfrak' in version `bold'
(Font)                  U/euf/m/n --> U/euf/b/n on input line 106.
)
LaTeX Font Info:    Trying to load font information for OT1+ptm on input line 2
5.

(C:\Users\jeffr\AppData\Local\Programs\MiKTeX\tex/latex/psnfss\ot1ptm.fd
File: ot1ptm.fd 2001/06/04 font definitions for OT1/ptm.
)
(C:\Users\jeffr\AppData\Local\Programs\MiKTeX\tex/latex/l3backend\l3backend-pdf
tex.def
File: l3backend-pdftex.def 2020-09-24 L3 backend support: PDF output (pdfTeX)
\l__kernel_color_stack_int=\count195
\l__pdf_internal_box=\box49
) (HW2Report.aux)
\openout1 = `HW2Report.aux'.

LaTeX Font Info:    Checking defaults for OML/cmm/m/it on input line 25.
LaTeX Font Info:    ... okay on input line 25.
LaTeX Font Info:    Checking defaults for OMS/cmsy/m/n on input line 25.
LaTeX Font Info:    ... okay on input line 25.
LaTeX Font Info:    Checking defaults for OT1/cmr/m/n on input line 25.
LaTeX Font Info:    ... okay on input line 25.
LaTeX Font Info:    Checking defaults for T1/cmr/m/n on input line 25.
LaTeX Font Info:    ... okay on input line 25.
LaTeX Font Info:    Checking defaults for TS1/cmr/m/n on input line 25.
LaTeX Font Info:    ... okay on input line 25.
LaTeX Font Info:    Checking defaults for OMX/cmex/m/n on input line 25.
LaTeX Font Info:    ... okay on input line 25.
LaTeX Font Info:    Checking defaults for U/cmr/m/n on input line 25.
LaTeX Font Info:    ... okay on input line 25.

(C:\Users\jeffr\AppData\Local\Programs\MiKTeX\tex/context/base/mkii\supp-pdf.mk
ii
[Loading MPS to PDF converter (version 2006.09.02).]
\scratchcounter=\count196
\scratchdimen=\dimen150
\scratchbox=\box50
\nofMPsegments=\count197
\nofMParguments=\count198
\everyMPshowfont=\toks21
\MPscratchCnt=\count199
\MPscratchDim=\dimen151
\MPnumerator=\count266
\makeMPintoPDFobject=\count267
\everyMPtoPDFconversion=\toks22
)
(C:\Users\jeffr\AppData\Local\Programs\MiKTeX\tex/latex/epstopdf-pkg\epstopdf-b
ase.sty
Package: epstopdf-base 2020-01-24 v2.11 Base part for package epstopdf
Package epstopdf-base Info: Redefining graphics rule for `.eps' on input line 4
85.
)
<./images//random0.irl.png, id=1, 667.293pt x 243.91125pt>
File: ./images//random0.irl.png Graphic file (type png)
<use ./images//random0.irl.png>
Package pdftex.def Info: ./images//random0.irl.png  used on input line 45.
(pdftex.def)             Requested size: 312.9761pt x 113.81206pt.
<./images//random0.irlWireShark.png, id=3, 367.3725pt x 88.53075pt>
File: ./images//random0.irlWireShark.png Graphic file (type png)
<use ./images//random0.irlWireShark.png>
Package pdftex.def Info: ./images//random0.irlWireShark.png  used on input line
 51.
(pdftex.def)             Requested size: 313.00243pt x 85.36406pt.
<./images//random3.irl.png, id=4, 664.28175pt x 168.63pt>
File: ./images//random3.irl.png Graphic file (type png)
<use ./images//random3.irl.png>
Package pdftex.def Info: ./images//random3.irl.png  used on input line 61.
(pdftex.def)             Requested size: 312.99294pt x 85.35945pt.
 [1

{C:/Users/jeffr/AppData/Local/MiKTeX/pdftex/config/pdftex.map} <./images//rando
m0.irl.png> <./images//random0.irlWireShark.png>]
<./images//random3.irlWireShark.png, id=14, 551.661pt x 158.994pt>
File: ./images//random3.irlWireShark.png Graphic file (type png)
<use ./images//random3.irlWireShark.png>
Package pdftex.def Info: ./images//random3.irlWireShark.png  used on input line
 67.
(pdftex.def)             Requested size: 312.97694pt x 85.35814pt.
<./images//random5.irl.png, id=15, 664.28175pt x 213.79875pt>
File: ./images//random5.irl.png Graphic file (type png)
<use ./images//random5.irl.png>
Package pdftex.def Info: ./images//random5.irl.png  used on input line 77.
(pdftex.def)             Requested size: 312.99294pt x 108.1192pt.
<./images//random6.irl.png, id=16, 664.884pt x 221.02576pt>
File: ./images//random6.irl.png Graphic file (type png)
<use ./images//random6.irl.png>
Package pdftex.def Info: ./images//random6.irl.png  used on input line 87.
(pdftex.def)             Requested size: 312.9825pt x 108.11807pt.
 [2 <./images//random3.irl.png> <./images//random3.irlWireShark.png> <./images/
/random5.irl.png>]
<./images//random6.irlWireShark.png, id=23, 366.77025pt x 92.7465pt>
File: ./images//random6.irlWireShark.png Graphic file (type png)
<use ./images//random6.irlWireShark.png>
Package pdftex.def Info: ./images//random6.irlWireShark.png  used on input line
 93.
(pdftex.def)             Requested size: 312.993pt x 85.36177pt.
<./images//random1.irl.png, id=24, 664.884pt x 349.90726pt>
File: ./images//random1.irl.png Graphic file (type png)
<use ./images//random1.irl.png>
Package pdftex.def Info: ./images//random1.irl.png  used on input line 101.
(pdftex.def)             Requested size: 312.9825pt x 147.95311pt.

[3 <./images//random6.irl.png> <./images//random6.irlWireShark.png> <./images//
random1.irl.png>]
<./images//random7.irl.png, id=31, 664.28175pt x 217.41225pt>
File: ./images//random7.irl.png Graphic file (type png)
<use ./images//random7.irl.png>
Package pdftex.def Info: ./images//random7.irl.png  used on input line 111.
(pdftex.def)             Requested size: 312.99294pt x 110.96501pt.
<./images//random7.irlWireShark.png, id=32, 392.06474pt x 69.861pt>
File: ./images//random7.irlWireShark.png Graphic file (type png)
<use ./images//random7.irlWireShark.png>
Package pdftex.def Info: ./images//random7.irlWireShark.png  used on input line
 117.
(pdftex.def)             Requested size: 312.9762pt x 56.9058pt.
<./images//random4.irlTruncatedRR.png, id=33, 663.6795pt x 231.86626pt>
File: ./images//random4.irlTruncatedRR.png Graphic file (type png)
<use ./images//random4.irlTruncatedRR.png>
Package pdftex.def Info: ./images//random4.irlTruncatedRR.png  used on input li
ne 127.
(pdftex.def)             Requested size: 312.9826pt x 113.81357pt.
 [4 <./images//random7.irl.png> <./images//random7.irlWireShark.png>]
<./images//random4.irlRRLength.png, id=39, 666.69075pt x 205.9695pt>
File: ./images//random4.irlRRLength.png Graphic file (type png)
<use ./images//random4.irlRRLength.png>
Package pdftex.def Info: ./images//random4.irlRRLength.png  used on input line 
130.
(pdftex.def)             Requested size: 312.97847pt x 108.11987pt.
<./images//random4.irlTrancatedName.png, id=40, 663.6795pt x 240.9pt>
File: ./images//random4.irlTrancatedName.png Graphic file (type png)
<use ./images//random4.irlTrancatedName.png>
Package pdftex.def Info: ./images//random4.irlTrancatedName.png  used on input 
line 133.
(pdftex.def)             Requested size: 312.9826pt x 113.81114pt.
 [5 <./images//random4.irlTruncatedRR.png> <./images//random4.irlRRLength.png> 
<./images//random4.irlTrancatedName.png>]
<./images//random8.irlCase1.png, id=47, 661.87276pt x 286.06876pt>
File: ./images//random8.irlCase1.png Graphic file (type png)
<use ./images//random8.irlCase1.png>
Package pdftex.def Info: ./images//random8.irlCase1.png  used on input line 147
.
(pdftex.def)             Requested size: 312.98901pt x 128.0357pt.
<./images//random8.irlCase2.png, id=48, 664.28175pt x 297.5115pt>
File: ./images//random8.irlCase2.png Graphic file (type png)
<use ./images//random8.irlCase2.png>
Package pdftex.def Info: ./images//random8.irlCase2.png  used on input line 150
.
(pdftex.def)             Requested size: 312.99294pt x 125.19003pt.
<./images//random8.irlCase3.png, id=49, 662.475pt x 216.81pt>
File: ./images//random8.irlCase3.png Graphic file (type png)
<use ./images//random8.irlCase3.png>
Package pdftex.def Info: ./images//random8.irlCase3.png  used on input line 153
.
(pdftex.def)             Requested size: 312.98067pt x 108.12021pt.
 [6 <./images//random8.irlCase1.png> <./images//random8.irlCase2.png> <./images
//random8.irlCase3.png>]
[7] (HW2Report.aux) ) 
Here is how much of TeX's memory you used:
 2081 strings out of 479832
 31440 string characters out of 2871057
 297198 words of memory out of 3000000
 19032 multiletter control sequences out of 15000+200000
 544547 words of font info for 42 fonts, out of 3000000 for 9000
 1141 hyphenation exceptions out of 8191
 66i,4n,72p,491b,194s stack positions out of 5000i,500n,10000p,200000b,50000s
{C:/Users/jeffr/AppData/Local/Programs/MiKTeX/fonts/enc/dv
ips/base/8r.enc}<C:/Users/jeffr/AppData/Local/Programs/MiKTeX/fonts/type1/urw/t
imes/utmb8a.pfb><C:/Users/jeffr/AppData/Local/Programs/MiKTeX/fonts/type1/urw/t
imes/utmr8a.pfb><C:/Users/jeffr/AppData/Local/Programs/MiKTeX/fonts/type1/urw/t
imes/utmri8a.pfb>
Output written on HW2Report.pdf (7 pages, 303302 bytes).
PDF statistics:
 72 PDF objects out of 1000 (max. 8388607)
 0 named destinations out of 1000 (max. 500000)
 81 words of extra memory for PDF output out of 10000 (max. 10000000)

